Electric Version 9.07
--------------- 0 --------------
  Wed Apr 08 13:35:55 MDT 2026
Menu Activated: File | Open Library...
--------------- 1 --------------
  Wed Apr 08 13:36:06 MDT 2026
ProcessKeyBinding 401 when=1775676966254 modifiers=80 code=11 char=ffff false false
--------------- 2 --------------
  Wed Apr 08 13:36:06 MDT 2026
Menu Activated: Edit | Undo
--------------- 3 --------------
  Wed Apr 08 13:36:06 MDT 2026
ProcessKeyBinding 400 when=1775676966409 modifiers=80 code=0 char=1a false false
--------------- 4 --------------
  Wed Apr 08 13:36:08 MDT 2026
ProcessKeyBinding 401 when=1775676968212 modifiers=200 code=12 char=ffff false false
--------------- 5 --------------
  Wed Apr 08 13:36:08 MDT 2026
ProcessKeyBinding 402 when=1775676968336 modifiers=0 code=12 char=ffff false false
--------------- 6 --------------
  Wed Apr 08 13:36:08 MDT 2026
ProcessKeyBinding 401 when=1775676968539 modifiers=200 code=12 char=ffff false false
--------------- 7 --------------
  Wed Apr 08 13:36:09 MDT 2026
ProcessKeyBinding 401 when=1775676969712 modifiers=200 code=12 char=ffff false false
--------------- 8 --------------
  Wed Apr 08 13:36:20 MDT 2026
Menu Activated: File | Open Library...
--------------- 9 --------------
  Wed Apr 08 13:36:27 MDT 2026
ProcessKeyBinding 401 when=1775676987345 modifiers=200 code=12 char=ffff false false
--------------- 10 --------------
  Wed Apr 08 13:36:29 MDT 2026
ProcessKeyBinding 402 when=1775676989968 modifiers=0 code=12 char=ffff false false
